
> web-app@0.0.0 start
> webpack serve --mode development --open

<i> [webpack-dev-server] Project is running at:
<i> [webpack-dev-server] Loopback: http://localhost:3000/
<i> [webpack-dev-server] On Your Network (IPv4): http://169.254.0.21:3000/
<i> [webpack-dev-server] Content not from webpack is served from '/home/ubuntu/projeto_convertido/public' directory
<i> [webpack-dev-server] 404s will fallback to '/index.html'
asset bundle.65103e330932c704d57b.js 2.08 MiB [emitted] [immutable] (id hint: vendors)
asset bundle.52349731b1e68f0bb613.js 161 KiB [emitted] [immutable] (name: main)
asset index.html 475 bytes [emitted]
Entrypoint main 2.23 MiB = bundle.65103e330932c704d57b.js 2.08 MiB bundle.52349731b1e68f0bb613.js 161 KiB
orphan modules 967 KiB [orphan] 1363 modules
runtime modules 30.1 KiB 15 modules
cacheable modules 1.78 MiB 294 modules
webpack 5.101.3 compiled successfully in 4184 ms
assets by status 2.08 MiB [cached] 1 asset
assets by info 162 KiB [immutable]
  asset bundle.1e6a651a321736a25e5b.js 161 KiB [emitted] [immutable] (name: main)
  asset main.428e71c797ce6969b5a9.hot-update.js 850 bytes [emitted] [immutable] [hmr] (name: main)
  asset main.428e71c797ce6969b5a9.hot-update.json 28 bytes [emitted] [immutable] [hmr]
asset index.html 475 bytes [emitted]
Entrypoint main 2.23 MiB = bundle.65103e330932c704d57b.js 2.08 MiB bundle.1e6a651a321736a25e5b.js 161 KiB main.428e71c797ce6969b5a9.hot-update.js 850 bytes
cached modules 2.69 MiB [cached] 1656 modules
runtime modules 30.1 KiB 15 modules
./node_modules/css-loader/dist/cjs.js!./node_modules/postcss-loader/dist/cjs.js??ruleSet[1].rules[1].use[2]!./src/index.css 33.1 KiB [built]
webpack 5.101.3 compiled successfully in 445 ms
